app/build/intermediates/manifest_merge_blame_file/debug/manifest-merger-blame-debug-report.txt
1<?xml version="1.0" encoding="utf-8"?>
2<manifest xmlns:android="http://schemas.android.com/apk/res/android"
3    package="com.dogancankilic.kotlin_base_architecture"
4    android:versionCode="1"
5    android:versionName="1.0" >
6
7    <uses-sdk
8        android:minSdkVersion="21"
9        android:targetSdkVersion="31" />
10
11    <uses-permission android:name="android.permission.INTERNET" />
11-->src\main\AndroidManifest.xml:4:5-66
11-->src\main\AndroidManifest.xml:4:22-64
12    <uses-permission android:name="android.permission.REORDER_TASKS" />
12-->[androidx.fragment:fragment-testing:1.4.1] AndroidManifest.xml:25:5-72
12-->[androidx.fragment:fragment-testing:1.4.1] AndroidManifest.xml:25:22-69
13
14    <application
14-->src\main\AndroidManifest.xml:6:5-22:19
15        android:name="com.dogancankilic.kotlinbase.di.App"
15-->src\main\AndroidManifest.xml:12:9-59
16        android:allowBackup="true"
16-->src\main\AndroidManifest.xml:7:9-35
17        android:appComponentFactory="androidx.core.app.CoreComponentFactory"
17-->[androidx.core:core:1.8.0-alpha04] AndroidManifest.xml:24:18-86
18        android:debuggable="true"
19        android:hardwareAccelerated="true"
19-->src\main\AndroidManifest.xml:8:9-43
20        android:icon="@mipmap/ic_launcher"
20-->src\main\AndroidManifest.xml:9:9-43
21        android:label="@string/app_name"
21-->src\main\AndroidManifest.xml:10:9-41
22        android:roundIcon="@mipmap/ic_launcher_round"
22-->src\main\AndroidManifest.xml:11:9-54
23        android:supportsRtl="true"
23-->src\main\AndroidManifest.xml:13:9-35
24        android:theme="@style/Theme.KotlinBaseArchitecture" >
24-->src\main\AndroidManifest.xml:14:9-60
25        <activity
25-->src\debug\AndroidManifest.xml:7:9-8:49
26            android:name="com.dogancankilic.kotlinbase.HiltTestActivity"
26-->src\debug\AndroidManifest.xml:7:19-51
27            android:exported="false" />
27-->src\debug\AndroidManifest.xml:8:13-37
28        <activity android:name="com.dogancankilic.kotlinbase.presentation.main.MainActivity" >
28-->src\main\AndroidManifest.xml:15:9-21:20
28-->src\main\AndroidManifest.xml:15:19-93
29            <intent-filter>
29-->src\main\AndroidManifest.xml:16:13-20:29
30                <action android:name="android.intent.action.MAIN" />
30-->src\main\AndroidManifest.xml:17:17-69
30-->src\main\AndroidManifest.xml:17:25-66
31
32                <category android:name="android.intent.category.LAUNCHER" />
32-->src\main\AndroidManifest.xml:19:17-77
32-->src\main\AndroidManifest.xml:19:27-74
33            </intent-filter>
34        </activity>
35        <activity
35-->[androidx.fragment:fragment-testing:1.4.1] AndroidManifest.xml:28:9-37:20
36            android:name="androidx.fragment.app.testing.FragmentScenario$EmptyFragmentActivity"
36-->[androidx.fragment:fragment-testing:1.4.1] AndroidManifest.xml:29:13-96
37            android:exported="true"
37-->[androidx.fragment:fragment-testing:1.4.1] AndroidManifest.xml:30:13-36
38            android:multiprocess="true"
38-->[androidx.fragment:fragment-testing:1.4.1] AndroidManifest.xml:31:13-40
39            android:taskAffinity=""
39-->[androidx.fragment:fragment-testing:1.4.1] AndroidManifest.xml:32:13-36
40            android:theme="@style/FragmentScenarioEmptyFragmentActivityTheme" >
40-->[androidx.fragment:fragment-testing:1.4.1] AndroidManifest.xml:33:13-78
41            <intent-filter>
41-->[androidx.fragment:fragment-testing:1.4.1] AndroidManifest.xml:34:13-36:29
42                <action android:name="android.intent.action.MAIN" />
42-->src\main\AndroidManifest.xml:17:17-69
42-->src\main\AndroidManifest.xml:17:25-66
43            </intent-filter>
44        </activity>
45
46        <uses-library
46-->[androidx.window:window:1.0.0] AndroidManifest.xml:25:9-27:40
47            android:name="androidx.window.extensions"
47-->[androidx.window:window:1.0.0] AndroidManifest.xml:26:13-54
48            android:required="false" />
48-->[androidx.window:window:1.0.0] AndroidManifest.xml:27:13-37
49        <uses-library
49-->[androidx.window:window:1.0.0] AndroidManifest.xml:28:9-30:40
50            android:name="androidx.window.sidecar"
50-->[androidx.window:window:1.0.0] AndroidManifest.xml:29:13-51
51            android:required="false" />
51-->[androidx.window:window:1.0.0] AndroidManifest.xml:30:13-37
52
53        <activity
53-->[androidx.test:core:1.4.0] AndroidManifest.xml:27:9-34:20
54            android:name="androidx.test.core.app.InstrumentationActivityInvoker$BootstrapActivity"
54-->[androidx.test:core:1.4.0] AndroidManifest.xml:28:13-99
55            android:exported="true"
55-->[androidx.test:core:1.4.0] AndroidManifest.xml:29:13-36
56            android:theme="@android:style/Theme" >
56-->[androidx.test:core:1.4.0] AndroidManifest.xml:30:13-49
57            <intent-filter>
57-->[androidx.fragment:fragment-testing:1.4.1] AndroidManifest.xml:34:13-36:29
58                <action android:name="android.intent.action.MAIN" />
58-->src\main\AndroidManifest.xml:17:17-69
58-->src\main\AndroidManifest.xml:17:25-66
59            </intent-filter>
60        </activity>
61        <activity
61-->[androidx.test:core:1.4.0] AndroidManifest.xml:35:9-42:20
62            android:name="androidx.test.core.app.InstrumentationActivityInvoker$EmptyActivity"
62-->[androidx.test:core:1.4.0] AndroidManifest.xml:36:13-95
63            android:exported="true"
63-->[androidx.test:core:1.4.0] AndroidManifest.xml:37:13-36
64            android:theme="@android:style/Theme" >
64-->[androidx.test:core:1.4.0] AndroidManifest.xml:38:13-49
65            <intent-filter>
65-->[androidx.fragment:fragment-testing:1.4.1] AndroidManifest.xml:34:13-36:29
66                <action android:name="android.intent.action.MAIN" />
66-->src\main\AndroidManifest.xml:17:17-69
66-->src\main\AndroidManifest.xml:17:25-66
67            </intent-filter>
68        </activity>
69        <activity
69-->[androidx.test:core:1.4.0] AndroidManifest.xml:43:9-50:20
70            android:name="androidx.test.core.app.InstrumentationActivityInvoker$EmptyFloatingActivity"
70-->[androidx.test:core:1.4.0] AndroidManifest.xml:44:13-103
71            android:exported="true"
71-->[androidx.test:core:1.4.0] AndroidManifest.xml:45:13-36
72            android:theme="@android:style/Theme.Dialog" >
72-->[androidx.test:core:1.4.0] AndroidManifest.xml:46:13-56
73            <intent-filter>
73-->[androidx.fragment:fragment-testing:1.4.1] AndroidManifest.xml:34:13-36:29
74                <action android:name="android.intent.action.MAIN" />
74-->src\main\AndroidManifest.xml:17:17-69
74-->src\main\AndroidManifest.xml:17:25-66
75            </intent-filter>
76        </activity>
77
78        <provider
78-->[androidx.lifecycle:lifecycle-process:2.2.0] AndroidManifest.xml:25:9-29:43
79            android:name="androidx.lifecycle.ProcessLifecycleOwnerInitializer"
79-->[androidx.lifecycle:lifecycle-process:2.2.0] AndroidManifest.xml:26:13-79
80            android:authorities="com.dogancankilic.kotlin_base_architecture.lifecycle-process"
80-->[androidx.lifecycle:lifecycle-process:2.2.0] AndroidManifest.xml:27:13-69
81            android:exported="false"
81-->[androidx.lifecycle:lifecycle-process:2.2.0] AndroidManifest.xml:28:13-37
82            android:multiprocess="true" />
82-->[androidx.lifecycle:lifecycle-process:2.2.0] AndroidManifest.xml:29:13-40
83    </application>
84
85</manifest>